<?xml version="1.0" encoding="UTF-8"?><testsuite errors="0" failures="0" name="com.restful.booker.curdTest.BookingCRUDTest" skipped="0" tests="5" time="11.74" timestamp="2023-06-04T22:36:44.006+01:00[Europe/London]"><testcase classname="com.restful.booker.curdTest.BookingCRUDTest" name="This will create a new token"/><testcase classname="com.restful.booker.curdTest.BookingCRUDTest" name="This will create a new booking"/><testcase classname="com.restful.booker.curdTest.BookingCRUDTest" name="Verify if the booking was added to the application"/><testcase classname="com.restful.booker.curdTest.BookingCRUDTest" name="Update the booking information and verify the updated information"/><testcase classname="com.restful.booker.curdTest.BookingCRUDTest" name="Delete the booking and verify if the booking is deleted"/></testsuite>